
> custom-next-install@0.1.0 build-storybook
> storybook build --output-dir /var/folders/rg/57tqrqvx617dzp_zp8gm38yw0000gp/T/chromatic--82393-DcOe0qcwWw0K

@storybook/cli v8.0.5

info => Cleaning outputDir: ../../../../../var/folders/rg/57tqrqvx617dzp_zp8gm38yw0000gp/T/chromatic--82393-DcOe0qcwWw0K
info => Loading presets
info => Building manager..
info => Manager built (120 ms)
info => Building preview..
WARN No story files found for the specified pattern: src/**/*.mdx
info Addon-docs: using MDX3
info => Using implicit CSS loaders
info => Using SWC as compiler
info => [@storybook/addon-styling-webpack] Applying custom Storybook webpack configuration styling.
info => Using default Webpack5 setup
info Using tsconfig paths for react-docgen
info => Copying static files: public at ../../../../../var/folders/rg/57tqrqvx617dzp_zp8gm38yw0000gp/T/chromatic--82393-DcOe0qcwWw0K
WARN asset size limit: The following asset(s) exceed the recommended size limit (244 KiB).
WARN This can impact web performance.
WARN Assets: 
WARN   115.15e50897.iframe.bundle.js (791 KiB)
WARN   497.f2c5f2db.iframe.bundle.js (1.77 MiB)
WARN   471.c8f84767.iframe.bundle.js (624 KiB)
WARN entrypoint size limit: The following entrypoint(s) combined asset size exceeds the recommended limit (244 KiB). This can impact web performance.
WARN Entrypoints:
WARN   main (1.83 MiB)
WARN       runtime~main.422314a0.iframe.bundle.js
WARN       497.f2c5f2db.iframe.bundle.js
WARN       main.0c513417.iframe.bundle.js
WARN 
info => Preview built (7.41 s)
info => Output directory: /var/folders/rg/57tqrqvx617dzp_zp8gm38yw0000gp/T/chromatic--82393-DcOe0qcwWw0K
